<?xml version="1.0" encoding="UTF-8"?>
<!-- Generated by org.testng.reporters.JUnitReportReporter -->
<testsuite hostname="LAPTOP-PU8VKKP8" failures="0" tests="1" name="Academy.ValidationNavigationBar" time="0.187" errors="0" timestamp="2022-08-27T22:04:17 IST" skipped="0">
  <testcase classname="Academy.ValidationNavigationBar" name="NavBarValidation" time="0.187"/>
  <system-out/>
</testsuite> <!-- Academy.ValidationNavigationBar -->
