<?xml version="1.0" encoding="UTF-8"?>
<!-- Generated by org.testng.reporters.JUnitReportReporter -->
<testsuite hostname="LAPTOP-PU8VKKP8" failures="0" tests="2" name="Academy.HomePage" time="6.643" errors="0" timestamp="2022-08-27T22:04:17 IST" skipped="0">
  <testcase classname="Academy.HomePage" name="basePageNavigation" time="1.873"/>
  <system-out/>
  <testcase classname="Academy.HomePage" name="basePageNavigation" time="4.770"/>
  <system-out/>
</testsuite> <!-- Academy.HomePage -->
