<?xml version="1.0" encoding="UTF-8"?>
<!-- Generated by org.testng.reporters.JUnitReportReporter -->
<testsuite hostname="LAPTOP-PU8VKKP8" failures="0" tests="1" name="Academy.ValidateTitleEmail" time="0.053" errors="0" timestamp="2022-08-27T22:04:17 IST" skipped="0">
  <testcase classname="Academy.ValidateTitleEmail" name="ValidateAcademyTitleEmail" time="0.053"/>
  <system-out/>
</testsuite> <!-- Academy.ValidateTitleEmail -->
