<?xml version="1.0" encoding="UTF-8"?>
<!-- Generated by org.testng.reporters.JUnitReportReporter -->
<testsuite hostname="LAPTOP-PU8VKKP8" failures="0" tests="2" name="Academy.HomePage" time="5.469" errors="0" timestamp="2022-08-27T22:13:11 IST" skipped="0">
  <testcase classname="Academy.HomePage" name="basePageNavigation" time="3.927"/>
  <system-out/>
  <testcase classname="Academy.HomePage" name="basePageNavigation" time="1.542"/>
  <system-out/>
</testsuite> <!-- Academy.HomePage -->
